time="2022-08-21T01:39:55+03:00" level=trace msg="SQL Query:  SELECT id, name FROM public.users; " func="github.com/adminoid/vuego/internal/entities/user.(*repository).FindAll()" file="repository.go:33"
time="2022-08-21T01:42:23+03:00" level=trace msg="SQL Query:  SELECT id, name FROM public.users; " func="github.com/adminoid/vuego/internal/entities/user.(*repository).FindAll()" file="repository.go:33"
time="2022-08-29T19:04:12+03:00" level=info msg=/Users/petja/Projects/my/vuego func="main.main()" file="api.go:19"
time="2022-08-29T19:04:12+03:00" level=info msg="root path: /Users/petja/Projects/my/vuego" func="main.main()" file="api.go:22"
time="2022-08-29T19:04:12+03:00" level=info msg="config: {vuegouser VueGoPw_77 vuegodb localhost 5432 debug :8080}" func="main.main()" file="api.go:23"
time="2022-08-29T19:04:12+03:00" level=info msg="postgresqlClient: &{0x140001d6980 0x140001a6840 <nil> <nil> <nil> <nil> 0 8 3600000000000 0 1800000000000 60000000000 0x14000182240 0 0 0 {0 {0 0}} 0x140001822a0}" func="main.main()" file="api.go:29"
time="2022-08-29T19:04:12+03:00" level=info msg="register user handler" func="main.main()" file="api.go:33"
time="2022-08-29T19:04:12+03:00" level=info msg="start application" func="main.start()" file="api.go:43"
time="2022-08-29T19:04:12+03:00" level=info msg="listen tcp" func="main.start()" file="api.go:48"
time="2022-08-29T19:04:12+03:00" level=info msg="server is listening :8080" func="main.start()" file="api.go:50"
time="2022-08-29T19:05:00+03:00" level=trace msg="SQL Query:  SELECT id, name FROM public.users; " func="github.com/adminoid/vuego/internal/entities/user.(*repository).FindAll()" file="repository.go:33"
time="2022-08-29T19:06:16+03:00" level=info msg=/Users/petja/Projects/my/vuego func="main.main()" file="api.go:19"
time="2022-08-29T19:06:16+03:00" level=info msg="root path: /Users/petja/Projects/my/vuego" func="main.main()" file="api.go:22"
time="2022-08-29T19:06:16+03:00" level=info msg="config: {vuegouser VueGoPw_77 vuegodb localhost 5432 debug :8080}" func="main.main()" file="api.go:23"
time="2022-08-29T19:06:16+03:00" level=info msg="postgresqlClient: &{0x1400015e980 0x14000124840 <nil> <nil> <nil> <nil> 0 8 3600000000000 0 1800000000000 60000000000 0x14000100240 0 0 0 {0 {0 0}} 0x140001002a0}" func="main.main()" file="api.go:29"
time="2022-08-29T19:06:16+03:00" level=info msg="register user handler" func="main.main()" file="api.go:33"
time="2022-08-29T19:06:16+03:00" level=info msg="start application" func="main.start()" file="api.go:43"
time="2022-08-29T19:06:16+03:00" level=info msg="listen tcp" func="main.start()" file="api.go:48"
time="2022-08-29T19:06:16+03:00" level=info msg="server is listening :8080" func="main.start()" file="api.go:50"
time="2022-08-29T19:06:20+03:00" level=trace msg="SQL Query:  SELECT id, name FROM public.users; " func="github.com/adminoid/vuego/internal/entities/user.(*repository).FindAll()" file="repository.go:33"
time="2022-08-29T19:06:22+03:00" level=trace msg="SQL Query:  SELECT id, name FROM public.users; " func="github.com/adminoid/vuego/internal/entities/user.(*repository).FindAll()" file="repository.go:33"
time="2022-08-29T19:06:22+03:00" level=trace msg="SQL Query:  SELECT id, name FROM public.users; " func="github.com/adminoid/vuego/internal/entities/user.(*repository).FindAll()" file="repository.go:33"
time="2022-08-29T19:06:22+03:00" level=trace msg="SQL Query:  SELECT id, name FROM public.users; " func="github.com/adminoid/vuego/internal/entities/user.(*repository).FindAll()" file="repository.go:33"
